<?xml version="1.0" encoding="UTF-8"?>
<!-- Generated by org.testng.reporters.JUnitReportReporter -->
<testsuite hostname="Fallen" name="example.NewTest" tests="1" failures="0" timestamp="7 Apr 2016 07:59:15 GMT" time="5.243" errors="0">
  <testcase name="test123" time="5.243" classname="example.NewTest"/>
</testsuite> <!-- example.NewTest -->
