<?xml version="1.0" encoding="UTF-8"?>
<!-- Generated by org.testng.reporters.JUnitReportReporter -->
<testsuite hostname="Fallen" name="example.NewTest" tests="1" failures="0" timestamp="7 Apr 2016 08:00:06 GMT" time="7.524" errors="0">
  <testcase name="test123" time="7.524" classname="example.NewTest"/>
</testsuite> <!-- example.NewTest -->
